<?xml version="1.0" encoding="UTF-8"?>
<testng-results ignored="0" total="1" passed="1" failed="0" skipped="0">
  <reporter-output>
  </reporter-output>
  <suite started-at="2022-10-31T13:43:49Z" name="Default suite" finished-at="2022-10-31T13:44:03Z" duration-ms="14425">
    <groups>
    </groups>
    <test started-at="2022-10-31T13:43:49Z" name="Default test" finished-at="2022-10-31T13:44:03Z" duration-ms="14425">
      <class name="Extent_reports_demo.Extent_reports.Extent_report_demo">
        <test-method is-config="true" signature="createTest()[pri:0, instance:Extent_reports_demo.Extent_reports.Extent_report_demo@12359a82]" started-at="2022-10-31T13:43:49Z" name="createTest" finished-at="2022-10-31T13:43:49Z" duration-ms="519" status="PASS">
          <reporter-output>
          </reporter-output>
        </test-method> <!-- createTest -->
        <test-method signature="config()[pri:0, instance:Extent_reports_demo.Extent_reports.Extent_report_demo@12359a82]" started-at="2022-10-31T13:43:49Z" name="config" finished-at="2022-10-31T13:44:03Z" duration-ms="13888" status="PASS">
          <reporter-output>
          </reporter-output>
        </test-method> <!-- config -->
      </class> <!-- Extent_reports_demo.Extent_reports.Extent_report_demo -->
    </test> <!-- Default test -->
  </suite> <!-- Default suite -->
</testng-results>
